Arguments: 
  /Users/vinz/.nvm/versions/node/v10.0.0/bin/node /usr/local/bin/yarn add react react-dom ts-loader typescript webpack webpack-cli webpack-dev-server

PATH: 
  /Users/vinz/.nvm/versions/node/v10.0.0/bin:/usr/local/bin:/usr/bin:/bin:/usr/sbin:/sbin

Yarn version: 
  1.10.1

Node version: 
  10.0.0

Platform: 
  darwin x64

Trace: 
  SyntaxError: /Users/vinz/Documents/courses/egghead/typescript-react-hooks/package.json: Unexpected end of JSON input
      at JSON.parse (<anonymous>)
      at /usr/local/lib/node_modules/yarn/lib/cli.js:1136:59
      at Generator.next (<anonymous>)
      at step (/usr/local/lib/node_modules/yarn/lib/cli.js:98:30)
      at /usr/local/lib/node_modules/yarn/lib/cli.js:109:13
      at run (/usr/local/lib/node_modules/yarn/lib/cli.js:95053:22)
      at /usr/local/lib/node_modules/yarn/lib/cli.js:95070:30
      at flush (/usr/local/lib/node_modules/yarn/lib/cli.js:94576:9)
      at process._tickCallback (internal/process/next_tick.js:172:11)

npm manifest: 
  

yarn manifest: 
  No manifest

Lockfile: 
  No lockfile
